<?xml version="1.0" encoding="UTF-8"?>
<!-- Generated by org.testng.reporters.JUnitReportReporter -->
<testsuite hostname="DESKTOP-JI62TLU" failures="0" tests="1" name="com.automation.cruclub.rough.TestCase2" time="35.115" errors="0" timestamp="26 Jan 2020 10:58:55 GMT" skipped="0">
  <testcase classname="com.automation.cruclub.rough.TestCase2" name="login" time="35.115"/>
</testsuite> <!-- com.automation.cruclub.rough.TestCase2 -->
