<?xml version="1.0" encoding="UTF-8"?>
<!-- Generated by org.testng.reporters.JUnitReportReporter -->
<testsuite hostname="DESKTOP-JI62TLU" failures="0" tests="3" name="com.automation.cruclub.testcases.SearchTest" time="324.565" errors="0" timestamp="30 Jan 2020 12:31:34 GMT" skipped="0">
  <testcase classname="com.automation.cruclub.testcases.SearchTest" name="searchTest" time="54.661"/>
  <testcase classname="com.automation.cruclub.testcases.SearchTest" name="searchTest" time="155.651"/>
  <testcase classname="com.automation.cruclub.testcases.SearchTest" name="searchTest" time="114.253"/>
</testsuite> <!-- com.automation.cruclub.testcases.SearchTest -->
