<?xml version="1.0" encoding="UTF-8"?>
<!-- Generated by org.testng.reporters.JUnitReportReporter -->
<testsuite hostname="DESKTOP-JI62TLU" failures="0" tests="1" name="com.automation.cruclub.testcases.LoginTest" time="81.055" errors="0" timestamp="30 Jan 2020 12:31:34 GMT" skipped="0">
  <testcase classname="com.automation.cruclub.testcases.LoginTest" name="loginTest" time="81.055"/>
</testsuite> <!-- com.automation.cruclub.testcases.LoginTest -->
