<?xml version="1.0" encoding="UTF-8"?>
<!-- Generated by org.testng.reporters.JUnitReportReporter -->
<testsuite hostname="DESKTOP-JI62TLU" failures="0" tests="2" name="com.automation.cruclub.rough.TestCase1" time="60.883" errors="0" timestamp="26 Jan 2020 13:02:14 GMT" skipped="0">
  <testcase classname="com.automation.cruclub.rough.TestCase1" name="login" time="28.922"/>
  <testcase classname="com.automation.cruclub.rough.TestCase1" name="login" time="31.961"/>
</testsuite> <!-- com.automation.cruclub.rough.TestCase1 -->
