<?xml version="1.0" encoding="UTF-8"?>
<!-- Generated by org.testng.reporters.JUnitReportReporter -->
<testsuite hostname="DESKTOP-JI62TLU" failures="0" tests="3" name="com.automation.cruclub.rough.SearchTest" time="316.935" errors="0" timestamp="30 Jan 2020 07:37:01 GMT" skipped="0">
  <testcase classname="com.automation.cruclub.rough.SearchTest" name="searchTest" time="107.908"/>
  <testcase classname="com.automation.cruclub.rough.SearchTest" name="searchTest" time="106.569"/>
  <testcase classname="com.automation.cruclub.rough.SearchTest" name="searchTest" time="102.458"/>
</testsuite> <!-- com.automation.cruclub.rough.SearchTest -->
